AndroidBanking/GoWild!AndroidProject/android/app/build/outputs/apk/manifest-merger-debug-report.txt
-- Merging decision tree log ---
manifest
ADDED from AndroidManifest.xml:2:1
	xmlns:android
		ADDED from AndroidManifest.xml:2:11
	package
		ADDED from AndroidManifest.xml:3:5
		INJECTED from AndroidManifest.xml:0:0
		INJECTED from AndroidManifest.xml:0:0
	android:versionName
		ADDED from AndroidManifest.xml:5:5
	android:versionCode
		ADDED from AndroidManifest.xml:4:5
		INJECTED from AndroidManifest.xml:0:0
		INJECTED from AndroidManifest.xml:0:0
uses-sdk
ADDED from AndroidManifest.xml:7:5
MERGED from com.android.support:support-v4:21.0.3:15:5
	android:targetSdkVersion
		ADDED from AndroidManifest.xml:9:9
		INJECTED from AndroidManifest.xml:0:0
		INJECTED from AndroidManifest.xml:0:0
	android:minSdkVersion
		ADDED from AndroidManifest.xml:8:9
		INJECTED from AndroidManifest.xml:0:0
		INJECTED from AndroidManifest.xml:0:0
uses-permission#android.permission.WRITE_EXTERNAL_STORAGE
ADDED from AndroidManifest.xml:11:5
	android:maxSdkVersion
		ADDED from AndroidManifest.xml:13:9
	android:name
		ADDED from AndroidManifest.xml:12:9
uses-permission#android.permission.READ_PHONE_STATE
ADDED from AndroidManifest.xml:14:5
	android:name
		ADDED from AndroidManifest.xml:14:22
uses-permission#android.permission.READ_EXTERNAL_STORAGE
ADDED from AndroidManifest.xml:15:5
	android:maxSdkVersion
		ADDED from AndroidManifest.xml:17:9
	android:name
		ADDED from AndroidManifest.xml:16:9
uses-permission#android.permission.INTERNET
ADDED from AndroidManifest.xml:18:5
	android:name
		ADDED from AndroidManifest.xml:18:22
uses-permission#android.permission.ACCESS_NETWORK_STATE
ADDED from AndroidManifest.xml:19:5
	android:name
		ADDED from AndroidManifest.xml:19:22
application
ADDED from AndroidManifest.xml:21:5
MERGED from com.android.support:support-v4:21.0.3:16:5
	android:label
		ADDED from AndroidManifest.xml:24:9
	android:allowBackup
		ADDED from AndroidManifest.xml:22:9
	android:icon
		ADDED from AndroidManifest.xml:23:9
	android:theme
		ADDED from AndroidManifest.xml:25:9
activity#com.example.androidbanking.MainActivity
ADDED from AndroidManifest.xml:27:9
	android:label
		ADDED from AndroidManifest.xml:29:13
	android:name
		ADDED from AndroidManifest.xml:28:13
intent-filter#android.intent.action.MAIN+android.intent.category.LAUNCHER
ADDED from AndroidManifest.xml:30:13
action#android.intent.action.MAIN
ADDED from AndroidManifest.xml:31:17
	android:name
		ADDED from AndroidManifest.xml:31:25
category#android.intent.category.LAUNCHER
ADDED from AndroidManifest.xml:33:17
	android:name
		ADDED from AndroidManifest.xml:33:27
activity#com.example.androidbanking.CreateAccount
ADDED from AndroidManifest.xml:36:9
	android:screenOrientation
		ADDED from AndroidManifest.xml:38:13
	android:name
		ADDED from AndroidManifest.xml:37:13
activity#com.example.androidbanking.HelloActivity
ADDED from AndroidManifest.xml:39:9
	android:label
		ADDED from AndroidManifest.xml:41:13
	android:name
		ADDED from AndroidManifest.xml:40:13
activity#com.example.androidbanking.LoginErrorActivity
ADDED from AndroidManifest.xml:43:9
	android:label
		ADDED from AndroidManifest.xml:45:13
	android:name
		ADDED from AndroidManifest.xml:44:13
activity#com.example.androidbanking.ManageFunds
ADDED from AndroidManifest.xml:47:9
	android:label
		ADDED from AndroidManifest.xml:49:13
	android:name
		ADDED from AndroidManifest.xml:48:13
activity#com.example.androidbanking.SelectAccount
ADDED from AndroidManifest.xml:51:9
	android:label
		ADDED from AndroidManifest.xml:53:13
	android:name
		ADDED from AndroidManifest.xml:52:13
activity#com.example.androidbanking.ChangeBalance
ADDED from AndroidManifest.xml:55:9
	android:label
		ADDED from AndroidManifest.xml:57:13
	android:name
		ADDED from AndroidManifest.xml:56:13
activity#com.example.androidbanking.CustomerMain
ADDED from AndroidManifest.xml:59:9
	android:label
		ADDED from AndroidManifest.xml:61:13
	android:name
		ADDED from AndroidManifest.xml:60:13
activity#com.example.androidbanking.TellerMain
ADDED from AndroidManifest.xml:63:9
	android:label
		ADDED from AndroidManifest.xml:65:13
	android:name
		ADDED from AndroidManifest.xml:64:13
activity#com.example.androidbanking.ManageFundsTemplate
ADDED from AndroidManifest.xml:67:9
	android:label
		ADDED from AndroidManifest.xml:69:13
	android:name
		ADDED from AndroidManifest.xml:68:13
activity#com.example.androidbanking.CustomerManageFunds
ADDED from AndroidManifest.xml:71:9
	android:label
		ADDED from AndroidManifest.xml:73:13
	android:name
		ADDED from AndroidManifest.xml:72:13
activity#com.example.androidbanking.ViewStatement
ADDED from AndroidManifest.xml:75:9
	android:label
		ADDED from AndroidManifest.xml:77:13
	android:name
		ADDED from AndroidManifest.xml:76:13
activity#com.example.androidbanking.OpenAcct
ADDED from AndroidManifest.xml:79:9
	android:label
		ADDED from AndroidManifest.xml:81:13
	android:name
		ADDED from AndroidManifest.xml:80:13
activity#com.example.androidbanking.CloseAcct
ADDED from AndroidManifest.xml:83:9
	android:label
		ADDED from AndroidManifest.xml:85:13
	android:name
		ADDED from AndroidManifest.xml:84:13
activity#com.example.androidbanking.ManageAcctTemplate
ADDED from AndroidManifest.xml:87:9
	android:label
		ADDED from AndroidManifest.xml:89:13
	android:name
		ADDED from AndroidManifest.xml:88:13
activity#com.example.androidbanking.CustomerTransfer
ADDED from AndroidManifest.xml:91:9
	android:label
		ADDED from AndroidManifest.xml:93:13
	android:name
		ADDED from AndroidManifest.xml:92:13
activity#com.example.androidbanking.CustomerWithdrawal
ADDED from AndroidManifest.xml:95:9
	android:label
		ADDED from AndroidManifest.xml:97:13
	android:name
		ADDED from AndroidManifest.xml:96:13